<?xml version="1.0" encoding="UTF-8"?>
<!-- Generated by org.testng.reporters.JUnitXMLReporter -->
<testsuite ignored="0" hostname="DESKTOP-ER1B2KO" failures="0" tests="3" name="Default test" time="4.089" errors="0" timestamp="2025-03-10T19:23:08 IST">
  <testcase classname="Day1.HTTPRequest" name="getUser" time="2.771"/>
  <testcase classname="Day1.HTTPRequest" name="createUser" time="0.857"/>
  <testcase classname="Day1.HTTPRequest" name="deleteUser" time="0.389"/>
</testsuite> <!-- Default test -->
