<?xml version="1.0" encoding="UTF-8"?>
<!-- Generated by org.testng.reporters.JUnitXMLReporter -->
<testsuite ignored="0" hostname="DESKTOP-ER1B2KO" failures="0" tests="4" name="Default test" time="4.471" errors="0" timestamp="2025-03-06T14:54:49 IST">
  <testcase classname="Day1.HTTPRequest" name="getUser" time="2.612"/>
  <testcase classname="Day1.HTTPRequest" name="createUser" time="0.823"/>
  <testcase classname="Day1.HTTPRequest" name="updateUser" time="0.54"/>
  <testcase classname="Day1.HTTPRequest" name="deleteUser" time="0.371"/>
</testsuite> <!-- Default test -->
