<?xml version="1.0" encoding="UTF-8"?>
<testng-results ignored="0" total="1" passed="1" failed="0" skipped="0">
  <reporter-output>
  </reporter-output>
  <suite started-at="2025-08-10T10:39:17 IST" name="Default suite" finished-at="2025-08-10T10:39:19 IST" duration-ms="2702">
    <groups>
    </groups>
    <test started-at="2025-08-10T10:39:17 IST" name="Default test" finished-at="2025-08-10T10:39:19 IST" duration-ms="2702">
      <class name="Day6.JSONSchemaValitdations">
        <test-method signature="jsonSchemaValidation()[pri:0, instance:Day6.JSONSchemaValitdations@7c7b252e]" started-at="2025-08-10T10:39:17 IST" name="jsonSchemaValidation" finished-at="2025-08-10T10:39:19 IST" duration-ms="2642" status="PASS">
          <reporter-output>
          </reporter-output>
        </test-method> <!-- jsonSchemaValidation -->
      </class> <!-- Day6.JSONSchemaValitdations -->
    </test> <!-- Default test -->
  </suite> <!-- Default suite -->
</testng-results>
