<?xml version="1.0" encoding="UTF-8"?>
<testng-results ignored="0" total="3" passed="3" failed="0" skipped="0">
  <reporter-output>
  </reporter-output>
  <suite started-at="2025-03-10T19:23:04 IST" name="Default suite" finished-at="2025-03-10T19:23:08 IST" duration-ms="4089">
    <groups>
    </groups>
    <test started-at="2025-03-10T19:23:04 IST" name="Default test" finished-at="2025-03-10T19:23:08 IST" duration-ms="4089">
      <class name="Day1.HTTPRequest">
        <test-method signature="getUser()[pri:1, instance:Day1.HTTPRequest@689604d9]" started-at="2025-03-10T19:23:04 IST" name="getUser" finished-at="2025-03-10T19:23:07 IST" duration-ms="2771" status="PASS">
          <reporter-output>
          </reporter-output>
        </test-method> <!-- getUser -->
        <test-method signature="createUser()[pri:2, instance:Day1.HTTPRequest@689604d9]" started-at="2025-03-10T19:23:07 IST" name="createUser" finished-at="2025-03-10T19:23:08 IST" duration-ms="857" status="PASS">
          <reporter-output>
          </reporter-output>
        </test-method> <!-- createUser -->
        <test-method signature="deleteUser()[pri:4, instance:Day1.HTTPRequest@689604d9]" started-at="2025-03-10T19:23:08 IST" name="deleteUser" finished-at="2025-03-10T19:23:08 IST" depends-on-methods="Day1.HTTPRequest.createUser" duration-ms="389" status="PASS">
          <reporter-output>
          </reporter-output>
        </test-method> <!-- deleteUser -->
      </class> <!-- Day1.HTTPRequest -->
    </test> <!-- Default test -->
  </suite> <!-- Default suite -->
</testng-results>
