<?xml version="1.0" encoding="UTF-8"?>
<!-- Generated by org.testng.reporters.JUnitReportReporter -->
<testsuite hostname="PawanBokolia" failures="0" tests="2" name="Day4.ParsingJSONResponseData" time="1.454" errors="0" timestamp="2025-07-29T09:13:39 IST" skipped="0">
  <testcase classname="Day4.ParsingJSONResponseData" name="testJsonResponse" time="1.427"/>
  <testcase classname="Day4.ParsingJSONResponseData" name="testJsonResponseBodyData" time="0.027"/>
</testsuite> <!-- Day4.ParsingJSONResponseData -->
