<?xml version="1.0" encoding="UTF-8"?>
<!-- Generated by org.testng.reporters.JUnitReportReporter -->
<testsuite hostname="DESKTOP-ER1B2KO" failures="0" tests="4" name="Day1.HTTPRequest" time="4.346" errors="0" timestamp="2025-03-06T14:54:49 IST" skipped="0">
  <testcase classname="Day1.HTTPRequest" name="getUser" time="2.612"/>
  <testcase classname="Day1.HTTPRequest" name="createUser" time="0.823"/>
  <testcase classname="Day1.HTTPRequest" name="updateUser" time="0.540"/>
  <testcase classname="Day1.HTTPRequest" name="deleteUser" time="0.371"/>
</testsuite> <!-- Day1.HTTPRequest -->
