<?xml version="1.0" encoding="UTF-8"?>
<!-- Generated by org.testng.reporters.JUnitReportReporter -->
<testsuite hostname="DESKTOP-ER1B2KO" failures="0" tests="2" name="Day2.WayToCreatePostRequesBody" time="2.458" errors="0" timestamp="2025-03-07T15:55:28 IST" skipped="0">
  <testcase classname="Day2.WayToCreatePostRequesBody" name="testPostUsingHashMap" time="2.424"/>
  <testcase classname="Day2.WayToCreatePostRequesBody" name="testDelete" time="0.034"/>
</testsuite> <!-- Day2.WayToCreatePostRequesBody -->
